<?xml version="1.0" encoding="UTF-8"?>
<!-- Generated by org.testng.reporters.JUnitReportReporter -->
<testsuite ignored="0" hostname="DESKTOP-9HB5M8C" failures="0" tests="3" name="com.sita.testcases.Create_supervisor_fhe" time="14.566" errors="0" timestamp="09 Dec 2021 03:48:48 GMT" skipped="0">
  <testcase classname="com.sita.testcases.Create_supervisor_fhe" name="Supervisor_Basic_Details" time="11.251"/>
  <testcase classname="com.sita.testcases.Create_supervisor_fhe" name="loginApp" time="1.654"/>
  <testcase classname="com.sita.testcases.Create_supervisor_fhe" name="click_on_AddUsers" time="1.661"/>
</testsuite> <!-- com.sita.testcases.Create_supervisor_fhe -->
