<?xml version="1.0" encoding="UTF-8"?>
<!-- Generated by org.testng.reporters.JUnitReportReporter -->
<testsuite ignored="0" hostname="DESKTOP-9HB5M8C" failures="0" tests="36" name="com.sita.testcases.Deligation_of_amenities_for_each_BO" time="105.245" errors="0" timestamp="09 Dec 2021 05:28:39 GMT" skipped="0">
  <testcase classname="com.sita.testcases.Deligation_of_amenities_for_each_BO" name="Logout_BO_Z_Bhubneswar" time="2.868"/>
  <testcase classname="com.sita.testcases.Deligation_of_amenities_for_each_BO" name="click_Arrow_Button_BO_go_to_amenities_tab3" time="4.641"/>
  <testcase classname="com.sita.testcases.Deligation_of_amenities_for_each_BO" name="Click_on_BackButton1" time="2.722"/>
  <testcase classname="com.sita.testcases.Deligation_of_amenities_for_each_BO" name="click_Arrow_Button_BO_go_to_amenities_tab_lock_file1" time="8.499"/>
  <testcase classname="com.sita.testcases.Deligation_of_amenities_for_each_BO" name="loginApp" time="1.928"/>
  <testcase classname="com.sita.testcases.Deligation_of_amenities_for_each_BO" name="Deligation" time="2.828"/>
  <testcase classname="com.sita.testcases.Deligation_of_amenities_for_each_BO" name="Logout_Z_Mumbai" time="3.927"/>
  <testcase classname="com.sita.testcases.Deligation_of_amenities_for_each_BO" name="Amenities" time="0.938"/>
  <testcase classname="com.sita.testcases.Deligation_of_amenities_for_each_BO" name="loginFHE" time="1.140"/>
  <testcase classname="com.sita.testcases.Deligation_of_amenities_for_each_BO" name="navigate_to_homepage_click_on_ArrowButton1" time="11.765"/>
  <testcase classname="com.sita.testcases.Deligation_of_amenities_for_each_BO" name="Logout_FHE" time="2.794"/>
  <testcase classname="com.sita.testcases.Deligation_of_amenities_for_each_BO" name="click_on_accecpt_popup2" time="0.613"/>
  <testcase classname="com.sita.testcases.Deligation_of_amenities_for_each_BO" name="Click_on_BackButton4" time="1.315"/>
  <testcase classname="com.sita.testcases.Deligation_of_amenities_for_each_BO" name="Click_on_BackButton" time="0.916"/>
  <testcase classname="com.sita.testcases.Deligation_of_amenities_for_each_BO" name="ArrowButtonofFHE" time="6.537"/>
  <testcase classname="com.sita.testcases.Deligation_of_amenities_for_each_BO" name="Logout_Z_Puri" time="2.967"/>
  <testcase classname="com.sita.testcases.Deligation_of_amenities_for_each_BO" name="lock_file2" time="1.014"/>
  <testcase classname="com.sita.testcases.Deligation_of_amenities_for_each_BO" name="click_on_accecpt_popup3" time="0.645"/>
  <testcase classname="com.sita.testcases.Deligation_of_amenities_for_each_BO" name="Click_on_BackButton2" time="1.802"/>
  <testcase classname="com.sita.testcases.Deligation_of_amenities_for_each_BO" name="click_on_accecpt_all1" time="2.623"/>
  <testcase classname="com.sita.testcases.Deligation_of_amenities_for_each_BO" name="Logout_Superviser" time="3.997"/>
  <testcase classname="com.sita.testcases.Deligation_of_amenities_for_each_BO" name="login_as_Z_Puri" time="1.164"/>
  <testcase classname="com.sita.testcases.Deligation_of_amenities_for_each_BO" name="Select_Amenities_save_and_confirm" time="7.466"/>
  <testcase classname="com.sita.testcases.Deligation_of_amenities_for_each_BO" name="lock_file" time="1.884"/>
  <testcase classname="com.sita.testcases.Deligation_of_amenities_for_each_BO" name="login_as_Z_Mumbai" time="1.868"/>
  <testcase classname="com.sita.testcases.Deligation_of_amenities_for_each_BO" name="Click_on_BackButton3" time="1.288"/>
  <testcase classname="com.sita.testcases.Deligation_of_amenities_for_each_BO" name="AssignFHE" time="4.081"/>
  <testcase classname="com.sita.testcases.Deligation_of_amenities_for_each_BO" name="login_as_Z_bhubneswar" time="1.688"/>
  <testcase classname="com.sita.testcases.Deligation_of_amenities_for_each_BO" name="click_on_accecpt_all2" time="1.323"/>
  <testcase classname="com.sita.testcases.Deligation_of_amenities_for_each_BO" name="ConfirmButton" time="2.876"/>
  <testcase classname="com.sita.testcases.Deligation_of_amenities_for_each_BO" name="BookingCentre" time="2.263"/>
  <testcase classname="com.sita.testcases.Deligation_of_amenities_for_each_BO" name="Amenities_List" time="1.786"/>
  <testcase classname="com.sita.testcases.Deligation_of_amenities_for_each_BO" name="lock_file1" time="1.159"/>
  <testcase classname="com.sita.testcases.Deligation_of_amenities_for_each_BO" name="click_on_accecpt_all3" time="1.383"/>
  <testcase classname="com.sita.testcases.Deligation_of_amenities_for_each_BO" name="click_Arrow_Button_BO_go_to_amenities_tab2" time="7.747"/>
  <testcase classname="com.sita.testcases.Deligation_of_amenities_for_each_BO" name="click_on_accecpt_popup1" time="0.790"/>
</testsuite> <!-- com.sita.testcases.Deligation_of_amenities_for_each_BO -->
