<?xml version="1.0" encoding="UTF-8"?>
<!-- Generated by org.testng.reporters.JUnitReportReporter -->
<testsuite ignored="0" hostname="DESKTOP-9HB5M8C" failures="0" tests="12" name="com.sita.testcases.LoginSitaandAssingtoFhe" time="38.494" errors="0" timestamp="19 Nov 2021 05:54:23 GMT" skipped="0">
  <testcase classname="com.sita.testcases.LoginSitaandAssingtoFhe" name="Logout" time="3.892"/>
  <testcase classname="com.sita.testcases.LoginSitaandAssingtoFhe" name="City" time="2.584"/>
  <testcase classname="com.sita.testcases.LoginSitaandAssingtoFhe" name="loginApp" time="1.908"/>
  <testcase classname="com.sita.testcases.LoginSitaandAssingtoFhe" name="BookingCentre" time="2.262"/>
  <testcase classname="com.sita.testcases.LoginSitaandAssingtoFhe" name="navigate_to_homepage_click_on_ArrowButton" time="9.717"/>
  <testcase classname="com.sita.testcases.LoginSitaandAssingtoFhe" name="Click_on_BackButton" time="0.992"/>
  <testcase classname="com.sita.testcases.LoginSitaandAssingtoFhe" name="AO_BO" time="1.151"/>
  <testcase classname="com.sita.testcases.LoginSitaandAssingtoFhe" name="loginFHE" time="1.285"/>
  <testcase classname="com.sita.testcases.LoginSitaandAssingtoFhe" name="deligation" time="1.203"/>
  <testcase classname="com.sita.testcases.LoginSitaandAssingtoFhe" name="AssigntoFHE" time="3.822"/>
  <testcase classname="com.sita.testcases.LoginSitaandAssingtoFhe" name="ConfirmButton" time="4.025"/>
  <testcase classname="com.sita.testcases.LoginSitaandAssingtoFhe" name="ArrowButtonofFHE" time="5.653"/>
</testsuite> <!-- com.sita.testcases.LoginSitaandAssingtoFhe -->
